<?xml version="1.0" encoding="UTF-8"?>
<robot generator="Robot 3.2.2 (Python 3.7.3 on linux)" generated="20210522 15:32:02.155" rpa="false">
<suite id="s1" name="Traffic" source="/home/rengaraj/talks/blind-spot-robot/traffic.robot">
<test id="s1-t1" name="Verify traffic is generated">
<kw name="open the log in the background">
<msg timestamp="20210522 15:32:02.205" level="TRACE">Arguments: [  ]</msg>
<kw name="Log" library="BuiltIn">
<doc>Logs the given message with the given level.</doc>
<arguments>
<arg>file is opened</arg>
</arguments>
<msg timestamp="20210522 15:32:02.206" level="TRACE">Arguments: [ 'file is opened' ]</msg>
<msg timestamp="20210522 15:32:02.206" level="INFO">file is opened</msg>
<msg timestamp="20210522 15:32:02.206" level="TRACE">Return: None</msg>
<status status="PASS" starttime="20210522 15:32:02.205" endtime="20210522 15:32:02.206"></status>
</kw>
<msg timestamp="20210522 15:32:02.206" level="TRACE">Return: None</msg>
<status status="PASS" starttime="20210522 15:32:02.205" endtime="20210522 15:32:02.206"></status>
</kw>
<kw name="map the user">
<msg timestamp="20210522 15:32:02.206" level="TRACE">Arguments: [  ]</msg>
<kw name="Log" library="BuiltIn">
<doc>Logs the given message with the given level.</doc>
<arguments>
<arg>user mapping request has be sent</arg>
</arguments>
<msg timestamp="20210522 15:32:02.207" level="TRACE">Arguments: [ 'user mapping request has be sent' ]</msg>
<msg timestamp="20210522 15:32:02.207" level="INFO">user mapping request has be sent</msg>
<msg timestamp="20210522 15:32:02.207" level="TRACE">Return: None</msg>
<status status="PASS" starttime="20210522 15:32:02.207" endtime="20210522 15:32:02.207"></status>
</kw>
<msg timestamp="20210522 15:32:02.207" level="TRACE">Return: None</msg>
<status status="PASS" starttime="20210522 15:32:02.206" endtime="20210522 15:32:02.207"></status>
</kw>
<kw name="verify the user is mapped">
<msg timestamp="20210522 15:32:02.208" level="TRACE">Arguments: [  ]</msg>
<kw name="Log" library="BuiltIn">
<doc>Logs the given message with the given level.</doc>
<arguments>
<arg>user is mapped</arg>
</arguments>
<msg timestamp="20210522 15:32:02.208" level="TRACE">Arguments: [ 'user is mapped' ]</msg>
<msg timestamp="20210522 15:32:02.208" level="INFO">user is mapped</msg>
<msg timestamp="20210522 15:32:02.208" level="TRACE">Return: None</msg>
<status status="PASS" starttime="20210522 15:32:02.208" endtime="20210522 15:32:02.208"></status>
</kw>
<msg timestamp="20210522 15:32:02.209" level="TRACE">Return: None</msg>
<status status="PASS" starttime="20210522 15:32:02.207" endtime="20210522 15:32:02.209"></status>
</kw>
<kw name="send traffic v2">
<msg timestamp="20210522 15:32:02.209" level="TRACE">Arguments: [  ]</msg>
<kw name="Run And Return Rc" library="OperatingSystem">
<doc>Runs the given command in the system and returns the return code.</doc>
<arguments>
<arg>wget ${url}</arg>
</arguments>
<assign>
<var>${ret}</var>
</assign>
<msg timestamp="20210522 15:32:02.210" level="TRACE">Arguments: [ 'wget www.chennaipy.org' ]</msg>
<msg timestamp="20210522 15:32:02.215" level="INFO">Running command 'wget www.chennaipy.org 2&gt;&amp;1'.</msg>
<msg timestamp="20210522 15:32:02.813" level="TRACE">Return: 0</msg>
<msg timestamp="20210522 15:32:02.813" level="INFO">${ret} = 0</msg>
<status status="PASS" starttime="20210522 15:32:02.209" endtime="20210522 15:32:02.813"></status>
</kw>
<kw name="Should Be Equal As Integers" library="BuiltIn">
<doc>Fails if objects are unequal after converting them to integers.</doc>
<arguments>
<arg>${ret}</arg>
<arg>0</arg>
</arguments>
<msg timestamp="20210522 15:32:02.815" level="TRACE">Arguments: [ 0 | '0' ]</msg>
<msg timestamp="20210522 15:32:02.816" level="INFO">Argument types are:
&lt;class 'int'&gt;
&lt;type 'unicode'&gt;</msg>
<msg timestamp="20210522 15:32:02.816" level="TRACE">Return: None</msg>
<status status="PASS" starttime="20210522 15:32:02.814" endtime="20210522 15:32:02.816"></status>
</kw>
<msg timestamp="20210522 15:32:02.816" level="TRACE">Return: None</msg>
<status status="PASS" starttime="20210522 15:32:02.209" endtime="20210522 15:32:02.816"></status>
</kw>
<kw name="verify the traffic is generated">
<msg timestamp="20210522 15:32:02.817" level="TRACE">Arguments: [  ]</msg>
<kw name="Log" library="BuiltIn">
<doc>Logs the given message with the given level.</doc>
<arguments>
<arg>traffic is generated</arg>
</arguments>
<msg timestamp="20210522 15:32:02.818" level="TRACE">Arguments: [ 'traffic is generated' ]</msg>
<msg timestamp="20210522 15:32:02.818" level="INFO">traffic is generated</msg>
<msg timestamp="20210522 15:32:02.818" level="TRACE">Return: None</msg>
<status status="PASS" starttime="20210522 15:32:02.818" endtime="20210522 15:32:02.818"></status>
</kw>
<msg timestamp="20210522 15:32:02.819" level="TRACE">Return: None</msg>
<status status="PASS" starttime="20210522 15:32:02.817" endtime="20210522 15:32:02.819"></status>
</kw>
<status status="PASS" starttime="20210522 15:32:02.204" endtime="20210522 15:32:02.819" critical="yes"></status>
</test>
<status status="PASS" starttime="20210522 15:32:02.157" endtime="20210522 15:32:02.820"></status>
</suite>
<statistics>
<total>
<stat pass="1" fail="0">Critical Tests</stat>
<stat pass="1" fail="0">All Tests</stat>
</total>
<tag>
</tag>
<suite>
<stat pass="1" fail="0" id="s1" name="Traffic">Traffic</stat>
</suite>
</statistics>
<errors>
</errors>
</robot>
